[2025-08-17 20:33:49] Task Added: buy food
[2025-08-17 20:34:06] Task Added: car wash
[2025-08-17 20:34:15] Task Deleted: a3
[2025-08-17 20:34:23] Filter: Today
[2025-08-17 20:34:29] Task Completed: a3
[2025-08-17 20:34:37] Filter: Today
[2025-08-17 20:34:41] Task Completed: a3
[2025-08-17 20:34:50] Task Completed: buy food
[2025-08-17 20:35:00] Task Deleted: a2
[2025-08-17 20:36:26] Task Completed: AA
[2025-08-17 20:42:09] Task Completed: car wash
[2025-08-17 20:42:12] Task Deleted: car wash
[2025-08-17 20:42:39] Task Added: ali
[2025-08-17 20:42:50] Task Added: reza
[2025-08-17 20:43:02] Task Completed: reza
[2025-08-17 20:43:05] Task Completed: ali
[2025-08-17 20:43:10] Tasks Exported: tasks_20250817_204309.csv
[2025-08-17 20:44:03] Task Added: baba
[2025-08-17 20:47:14] Task Completed: baba
[2025-08-20 00:25:37] Filter: All Tasks
[2025-08-20 00:25:43] Search: a
[2025-08-20 00:25:43] Search: a
[2025-08-20 00:25:55] Task Added: aaaaaa
[2025-08-20 00:26:02] Task Completed: aaaaaa
[2025-08-20 00:26:09] Task Added: bbbbbbbb
[2025-08-20 00:26:13] Search: a
[2025-08-20 00:26:17] Search: a3
[2025-08-20 21:16:21] Filter by Date: 2025-08-20
[2025-08-20 21:16:27] Filter by Date: 2025-08-20
[2025-08-20 21:16:35] Filter by Date: 2025-08-20
[2025-08-20 21:16:36] Filter by Date: 2025-08-20
[2025-08-20 21:16:36] Filter by Date: 2025-08-20
[2025-08-20 21:16:37] Filter by Date: 2025-08-20
[2025-08-20 21:16:39] Filter by Date: 2025-08-20
[2025-08-20 21:16:39] Filter by Date: 2025-08-20
[2025-08-20 21:16:41] Filter by Date: 2025-08-20
[2025-08-20 21:16:49] Filter: All Tasks
[2025-08-20 21:16:58] Filter by Date: 2025-08-20
[2025-08-20 22:56:37] Filter by Date: 2025-08-19
[2025-08-20 22:56:41] Filter by Date: 2025-08-18
[2025-08-20 22:56:45] Filter by Date: 2025-08-17
[2025-08-20 22:56:48] Filter by Date: 2025-08-16
[2025-08-20 22:56:51] Filter by Date: 2025-08-15
[2025-08-20 22:56:53] Filter by Date: 2025-08-14
[2025-08-20 22:57:02] Search: aa
[2025-08-20 22:57:11] Filter by Date: 2025-08-14
[2025-08-20 22:57:19] Filter: All Tasks
[2025-08-20 22:57:28] Filter by Date: 2025-08-14
[2025-08-20 22:57:36] Tasks Exported: tasks_20250820_225734.csv
[2025-08-20 22:58:16] Filter by Date: 2025-08-14
[2025-08-20 22:58:32] Task Added: ali
[2025-08-20 22:58:36] Task Completed: ali
[2025-08-20 23:21:31] Task Edited: koroush
[2025-08-20 23:21:35] Filter: All Tasks
[2025-08-20 23:21:43] Task Edited: koroush
[2025-08-20 23:22:04] Task Edited: ali jaza
[2025-08-20 23:22:13] Task Edited: arad
[2025-08-20 23:22:23] Task Edited: arad
[2025-08-20 23:59:56] Category Deleted: test -> Work
[2025-08-21 00:17:34] Category Deleted: test -> Work
[2025-08-21 00:20:00] Category Renamed: Personal -> Personal1
[2025-08-21 00:20:19] Category Renamed: Personal -> ddddd
[2025-08-21 00:23:29] Category Renamed: test -> test155555
[2025-08-21 00:23:39] Category Deleted: Personal -> Work
[2025-08-21 00:24:14] Category Deleted: test155555 -> Personal
[2025-08-21 22:15:53] Task Added: ali reza
[2025-08-21 22:16:03] Task Added: kmo
[2025-08-21 22:16:07] Task Completed: kmo
[2025-08-21 22:16:34] Filter: All Tasks
[2025-08-22 06:48:06] Category Renamed: it -> IT
[2025-08-22 06:48:26] Filter by Date: 2025-08-22
[2025-08-22 06:48:30] Filter by Date: 2025-08-22
[2025-08-22 06:48:34] Filter: All Tasks
[2025-08-22 06:48:44] Filter: All Tasks
[2025-08-22 06:48:49] Filter: All Tasks
[2025-08-22 06:49:25] Filter: All Tasks
[2025-08-22 06:49:25] Filter: All Tasks
[2025-08-22 06:49:25] Filter: All Tasks
[2025-08-22 06:49:26] Filter: All Tasks
[2025-08-22 06:49:32] Filter by Date: 2025-08-22
[2025-08-22 06:49:37] Filter: All Tasks
[2025-08-22 06:49:40] Filter: All Tasks
[2025-08-22 07:01:41] Task Added: test1
[2025-08-23 21:39:10] Task Added: tttt
[2025-08-23 21:39:44] Task Completed: tttt
[2025-11-09 15:38:47] Filter: All Tasks
[2025-11-09 18:07:30] Filter: All Tasks
[2025-11-09 18:08:38] Category Deleted: House -> کار
